{"/workspace/gqso--turma-914--2022/app.js": {"path":"/workspace/gqso--turma-914--2022/app.js","statementMap":{"0":{"start":{"line":1,"column":16},"end":{"line":1,"column":34}},"1":{"start":{"line":2,"column":12},"end":{"line":2,"column":21}},"2":{"start":{"line":5,"column":0},"end":{"line":14,"column":2}},"3":{"start":{"line":6,"column":15},"end":{"line":6,"column":29}},"4":{"start":{"line":7,"column":15},"end":{"line":7,"column":29}},"5":{"start":{"line":9,"column":4},"end":{"line":11,"column":5}},"6":{"start":{"line":10,"column":8},"end":{"line":10,"column":107}},"7":{"start":{"line":13,"column":4},"end":{"line":13,"column":47}},"8":{"start":{"line":17,"column":0},"end":{"line":26,"column":2}},"9":{"start":{"line":18,"column":15},"end":{"line":18,"column":29}},"10":{"start":{"line":19,"column":15},"end":{"line":19,"column":29}},"11":{"start":{"line":21,"column":4},"end":{"line":23,"column":5}},"12":{"start":{"line":22,"column":8},"end":{"line":22,"column":107}},"13":{"start":{"line":25,"column":4},"end":{"line":25,"column":46}},"14":{"start":{"line":29,"column":0},"end":{"line":38,"column":2}},"15":{"start":{"line":30,"column":15},"end":{"line":30,"column":29}},"16":{"start":{"line":31,"column":15},"end":{"line":31,"column":29}},"17":{"start":{"line":33,"column":4},"end":{"line":35,"column":5}},"18":{"start":{"line":34,"column":8},"end":{"line":34,"column":107}},"19":{"start":{"line":37,"column":4},"end":{"line":37,"column":47}},"20":{"start":{"line":41,"column":0},"end":{"line":50,"column":2}},"21":{"start":{"line":42,"column":15},"end":{"line":42,"column":29}},"22":{"start":{"line":43,"column":15},"end":{"line":43,"column":29}},"23":{"start":{"line":45,"column":4},"end":{"line":47,"column":5}},"24":{"start":{"line":46,"column":8},"end":{"line":46,"column":107}},"25":{"start":{"line":49,"column":4},"end":{"line":49,"column":47}},"26":{"start":{"line":52,"column":0},"end":{"line":52,"column":20}}},"fnMap":{"0":{"name":"(anonymous_0)","decl":{"start":{"line":5,"column":25},"end":{"line":5,"column":26}},"loc":{"start":{"line":5,"column":39},"end":{"line":14,"column":1}},"line":5},"1":{"name":"(anonymous_1)","decl":{"start":{"line":17,"column":34},"end":{"line":17,"column":35}},"loc":{"start":{"line":17,"column":48},"end":{"line":26,"column":1}},"line":17},"2":{"name":"(anonymous_2)","decl":{"start":{"line":29,"column":30},"end":{"line":29,"column":31}},"loc":{"start":{"line":29,"column":44},"end":{"line":38,"column":1}},"line":29},"3":{"name":"(anonymous_3)","decl":{"start":{"line":41,"column":28},"end":{"line":41,"column":29}},"loc":{"start":{"line":41,"column":42},"end":{"line":50,"column":1}},"line":41}},"branchMap":{"0":{"loc":{"start":{"line":9,"column":4},"end":{"line":11,"column":5}},"type":"if","locations":[{"start":{"line":9,"column":4},"end":{"line":11,"column":5}},{"start":{},"end":{}}],"line":9},"1":{"loc":{"start":{"line":9,"column":7},"end":{"line":9,"column":29}},"type":"binary-expr","locations":[{"start":{"line":9,"column":7},"end":{"line":9,"column":16}},{"start":{"line":9,"column":20},"end":{"line":9,"column":29}}],"line":9},"2":{"loc":{"start":{"line":21,"column":4},"end":{"line":23,"column":5}},"type":"if","locations":[{"start":{"line":21,"column":4},"end":{"line":23,"column":5}},{"start":{},"end":{}}],"line":21},"3":{"loc":{"start":{"line":21,"column":7},"end":{"line":21,"column":29}},"type":"binary-expr","locations":[{"start":{"line":21,"column":7},"end":{"line":21,"column":16}},{"start":{"line":21,"column":20},"end":{"line":21,"column":29}}],"line":21},"4":{"loc":{"start":{"line":33,"column":4},"end":{"line":35,"column":5}},"type":"if","locations":[{"start":{"line":33,"column":4},"end":{"line":35,"column":5}},{"start":{},"end":{}}],"line":33},"5":{"loc":{"start":{"line":33,"column":7},"end":{"line":33,"column":29}},"type":"binary-expr","locations":[{"start":{"line":33,"column":7},"end":{"line":33,"column":16}},{"start":{"line":33,"column":20},"end":{"line":33,"column":29}}],"line":33},"6":{"loc":{"start":{"line":45,"column":4},"end":{"line":47,"column":5}},"type":"if","locations":[{"start":{"line":45,"column":4},"end":{"line":47,"column":5}},{"start":{},"end":{}}],"line":45},"7":{"loc":{"start":{"line":45,"column":7},"end":{"line":45,"column":29}},"type":"binary-expr","locations":[{"start":{"line":45,"column":7},"end":{"line":45,"column":16}},{"start":{"line":45,"column":20},"end":{"line":45,"column":29}}],"line":45}},"s":{"0":1,"1":1,"2":1,"3":1,"4":1,"5":1,"6":0,"7":1,"8":1,"9":0,"10":0,"11":0,"12":0,"13":0,"14":1,"15":1,"16":1,"17":1,"18":0,"19":1,"20":1,"21":1,"22":1,"23":1,"24":0,"25":1,"26":1},"f":{"0":1,"1":0,"2":1,"3":1},"b":{"0":[0,1],"1":[1,1],"2":[0,0],"3":[0,0],"4":[0,1],"5":[1,1],"6":[0,1],"7":[1,1]},"_coverageSchema":"1a1c01bbd47fc00a2c39e90264f33305004495a9","hash":"9d48507c9306bf9d4c129cffa66307e2f8eb6257"}
}
