TN:
SF:app.js
FN:6,(anonymous_0)
FN:18,(anonymous_1)
FN:30,(anonymous_2)
FN:42,(anonymous_3)
FNF:4
FNH:4
FNDA:1,(anonymous_0)
FNDA:1,(anonymous_1)
FNDA:1,(anonymous_2)
FNDA:1,(anonymous_3)
DA:1,1
DA:2,1
DA:6,1
DA:7,1
DA:8,1
DA:10,1
DA:11,0
DA:14,1
DA:18,1
DA:19,1
DA:20,1
DA:22,1
DA:23,0
DA:26,1
DA:30,1
DA:31,1
DA:32,1
DA:34,1
DA:35,0
DA:38,1
DA:42,1
DA:43,1
DA:44,1
DA:46,1
DA:47,0
DA:50,1
DA:53,1
LF:27
LH:23
BRDA:10,0,0,0
BRDA:10,0,1,1
BRDA:10,1,0,1
BRDA:10,1,1,1
BRDA:22,2,0,0
BRDA:22,2,1,1
BRDA:22,3,0,1
BRDA:22,3,1,1
BRDA:34,4,0,0
BRDA:34,4,1,1
BRDA:34,5,0,1
BRDA:34,5,1,1
BRDA:46,6,0,0
BRDA:46,6,1,1
BRDA:46,7,0,1
BRDA:46,7,1,1
BRF:16
BRH:12
end_of_record
