TN:
SF:app.js
FN:5,(anonymous_0)
FN:17,(anonymous_1)
FN:29,(anonymous_2)
FN:41,(anonymous_3)
FNF:4
FNH:3
FNDA:1,(anonymous_0)
FNDA:0,(anonymous_1)
FNDA:1,(anonymous_2)
FNDA:1,(anonymous_3)
DA:1,1
DA:2,1
DA:5,1
DA:6,1
DA:7,1
DA:9,1
DA:10,0
DA:13,1
DA:17,1
DA:18,0
DA:19,0
DA:21,0
DA:22,0
DA:25,0
DA:29,1
DA:30,1
DA:31,1
DA:33,1
DA:34,0
DA:37,1
DA:41,1
DA:42,1
DA:43,1
DA:45,1
DA:46,0
DA:49,1
DA:52,1
LF:27
LH:19
BRDA:9,0,0,0
BRDA:9,0,1,1
BRDA:9,1,0,1
BRDA:9,1,1,1
BRDA:21,2,0,0
BRDA:21,2,1,0
BRDA:21,3,0,0
BRDA:21,3,1,0
BRDA:33,4,0,0
BRDA:33,4,1,1
BRDA:33,5,0,1
BRDA:33,5,1,1
BRDA:45,6,0,0
BRDA:45,6,1,1
BRDA:45,7,0,1
BRDA:45,7,1,1
BRF:16
BRH:9
end_of_record
